<?xml version="1.0" encoding="UTF-8"?>
<!-- Generated by org.testng.reporters.JUnitReportReporter -->
<testsuite hostname="LAPTOP-OMC670BA" failures="0" tests="7" name="org.tes.PriorityChallenge" time="17.288" errors="0" timestamp="2023-04-03T15:54:02 IST" skipped="0">
  <testcase classname="org.tes.PriorityChallenge" name="tc2" time="2.411"/>
  <system-out/>
  <testcase classname="org.tes.PriorityChallenge" name="tc5" time="4.304"/>
  <system-out/>
  <testcase classname="org.tes.PriorityChallenge" name="tc3" time="4.422"/>
  <system-out/>
  <testcase classname="org.tes.PriorityChallenge" name="tc7" time="1.567"/>
  <system-out/>
  <testcase classname="org.tes.PriorityChallenge" name="tc6" time="0.722"/>
  <system-out/>
  <testcase classname="org.tes.PriorityChallenge" name="tc4" time="1.435"/>
  <system-out/>
  <testcase classname="org.tes.PriorityChallenge" name="tc1" time="2.427"/>
  <system-out/>
</testsuite> <!-- org.tes.PriorityChallenge -->
