<?xml version="1.0" encoding="UTF-8"?>
<!-- Generated by org.testng.reporters.JUnitReportReporter -->
<testsuite hostname="LAPTOP-OMC670BA" failures="0" tests="7" name="org.test.PriorityChallenge" time="11.033" errors="0" timestamp="2023-04-03T15:34:13 IST" skipped="0">
  <testcase classname="org.test.PriorityChallenge" name="tc2" time="2.512"/>
  <system-out/>
  <testcase classname="org.test.PriorityChallenge" name="tc5" time="1.542"/>
  <system-out/>
  <testcase classname="org.test.PriorityChallenge" name="tc3" time="0.713"/>
  <system-out/>
  <testcase classname="org.test.PriorityChallenge" name="tc7" time="1.983"/>
  <system-out/>
  <testcase classname="org.test.PriorityChallenge" name="tc6" time="0.683"/>
  <system-out/>
  <testcase classname="org.test.PriorityChallenge" name="tc4" time="1.492"/>
  <system-out/>
  <testcase classname="org.test.PriorityChallenge" name="tc1" time="2.108"/>
  <system-out/>
</testsuite> <!-- org.test.PriorityChallenge -->
