<?xml version="1.0" encoding="UTF-8"?>
<!-- Generated by org.testng.reporters.JUnitReportReporter -->
<testsuite hostname="LAPTOP-OMC670BA" failures="0" tests="1" name="org.tes.A" time="0.000" errors="0" timestamp="2023-04-03T15:54:02 IST" skipped="0">
  <testcase classname="org.tes.A" name="tc44" time="0.000"/>
  <system-out/>
</testsuite> <!-- org.tes.A -->
